{"/Users/luismiguelmendes/Desktop/xpfarm/mumbling2/frontend/src/App.js": {"path":"/Users/luismiguelmendes/Desktop/xpfarm/mumbling2/frontend/src/App.js","statementMap":{"0":{"start":{"line":12,"column":18},"end":{"line":12,"column":24}},"1":{"start":{"line":15,"column":18},"end":{"line":15,"column":29}},"2":{"start":{"line":16,"column":28},"end":{"line":16,"column":40}},"3":{"start":{"line":17,"column":34},"end":{"line":17,"column":46}},"4":{"start":{"line":19,"column":24},"end":{"line":22,"column":3}},"5":{"start":{"line":20,"column":21},"end":{"line":20,"column":47}},"6":{"start":{"line":21,"column":4},"end":{"line":21,"column":33}},"7":{"start":{"line":24,"column":25},"end":{"line":26,"column":3}},"8":{"start":{"line":25,"column":4},"end":{"line":25,"column":33}},"9":{"start":{"line":28,"column":2},"end":{"line":47,"column":4}}},"fnMap":{"0":{"name":"App","decl":{"start":{"line":14,"column":9},"end":{"line":14,"column":12}},"loc":{"start":{"line":14,"column":15},"end":{"line":48,"column":1}},"line":14},"1":{"name":"(anonymous_1)","decl":{"start":{"line":19,"column":24},"end":{"line":19,"column":25}},"loc":{"start":{"line":19,"column":36},"end":{"line":22,"column":3}},"line":19},"2":{"name":"(anonymous_2)","decl":{"start":{"line":24,"column":25},"end":{"line":24,"column":26}},"loc":{"start":{"line":24,"column":34},"end":{"line":26,"column":3}},"line":24}},"branchMap":{"0":{"loc":{"start":{"line":42,"column":13},"end":{"line":42,"column":105}},"type":"cond-expr","locations":[{"start":{"line":42,"column":22},"end":{"line":42,"column":98}},{"start":{"line":42,"column":101},"end":{"line":42,"column":105}}],"line":42}},"s":{"0":1,"1":4,"2":4,"3":4,"4":4,"5":0,"6":0,"7":4,"8":0,"9":4},"f":{"0":4,"1":0,"2":0},"b":{"0":[0,4]},"_coverageSchema":"43e27e138ebf9cfc5966b082cf9a028302ed4184","hash":"0b2dfd52a833aa9dbba8e55fbe7e6bd67a2b2d5a"}
,"/Users/luismiguelmendes/Desktop/xpfarm/mumbling2/frontend/src/assets/jss/appStyle.js": {"path":"/Users/luismiguelmendes/Desktop/xpfarm/mumbling2/frontend/src/assets/jss/appStyle.js","statementMap":{},"fnMap":{},"branchMap":{},"s":{},"f":{},"b":{},"_coverageSchema":"43e27e138ebf9cfc5966b082cf9a028302ed4184","hash":"b01273a73ae773c519b56727ebf687b8925a56a8"}
,"/Users/luismiguelmendes/Desktop/xpfarm/mumbling2/frontend/src/assets/jss/buttonStyle.js": {"path":"/Users/luismiguelmendes/Desktop/xpfarm/mumbling2/frontend/src/assets/jss/buttonStyle.js","statementMap":{"0":{"start":{"line":3,"column":36},"end":{"line":10,"column":1}}},"fnMap":{"0":{"name":"(anonymous_0)","decl":{"start":{"line":3,"column":26},"end":{"line":3,"column":27}},"loc":{"start":{"line":3,"column":36},"end":{"line":10,"column":1}},"line":3}},"branchMap":{},"s":{"0":2},"f":{"0":2},"b":{},"_coverageSchema":"43e27e138ebf9cfc5966b082cf9a028302ed4184","hash":"709f64a970f8360521eb782ec43966ab8dd54e6d"}
,"/Users/luismiguelmendes/Desktop/xpfarm/mumbling2/frontend/src/assets/jss/inputStyle.js": {"path":"/Users/luismiguelmendes/Desktop/xpfarm/mumbling2/frontend/src/assets/jss/inputStyle.js","statementMap":{"0":{"start":{"line":3,"column":36},"end":{"line":15,"column":1}}},"fnMap":{"0":{"name":"(anonymous_0)","decl":{"start":{"line":3,"column":26},"end":{"line":3,"column":27}},"loc":{"start":{"line":3,"column":36},"end":{"line":15,"column":1}},"line":3}},"branchMap":{},"s":{"0":2},"f":{"0":2},"b":{},"_coverageSchema":"43e27e138ebf9cfc5966b082cf9a028302ed4184","hash":"1746b57687b0463f236fc6449ff870288fc3d6e1"}
,"/Users/luismiguelmendes/Desktop/xpfarm/mumbling2/frontend/src/components/Button/Button.js": {"path":"/Users/luismiguelmendes/Desktop/xpfarm/mumbling2/frontend/src/components/Button/Button.js","statementMap":{"0":{"start":{"line":5,"column":18},"end":{"line":5,"column":24}},"1":{"start":{"line":8,"column":18},"end":{"line":8,"column":29}},"2":{"start":{"line":10,"column":2},"end":{"line":16,"column":4}}},"fnMap":{"0":{"name":"(anonymous_0)","decl":{"start":{"line":7,"column":15},"end":{"line":7,"column":16}},"loc":{"start":{"line":7,"column":26},"end":{"line":17,"column":1}},"line":7}},"branchMap":{},"s":{"0":2,"1":3,"2":3},"f":{"0":3},"b":{},"_coverageSchema":"43e27e138ebf9cfc5966b082cf9a028302ed4184","hash":"10c5a4902229f9c385157798b39338ffbb5feea7"}
,"/Users/luismiguelmendes/Desktop/xpfarm/mumbling2/frontend/src/components/Input/Input.js": {"path":"/Users/luismiguelmendes/Desktop/xpfarm/mumbling2/frontend/src/components/Input/Input.js","statementMap":{"0":{"start":{"line":6,"column":18},"end":{"line":6,"column":24}},"1":{"start":{"line":9,"column":18},"end":{"line":9,"column":29}},"2":{"start":{"line":11,"column":2},"end":{"line":26,"column":4}},"3":{"start":{"line":20,"column":27},"end":{"line":20,"column":46}}},"fnMap":{"0":{"name":"(anonymous_0)","decl":{"start":{"line":8,"column":15},"end":{"line":8,"column":16}},"loc":{"start":{"line":8,"column":24},"end":{"line":27,"column":1}},"line":8},"1":{"name":"(anonymous_1)","decl":{"start":{"line":20,"column":18},"end":{"line":20,"column":19}},"loc":{"start":{"line":20,"column":27},"end":{"line":20,"column":46}},"line":20}},"branchMap":{},"s":{"0":2,"1":3,"2":3,"3":0},"f":{"0":3,"1":0},"b":{},"_coverageSchema":"43e27e138ebf9cfc5966b082cf9a028302ed4184","hash":"aea4b42154285cd1cda399331a35c78337d45821"}
,"/Users/luismiguelmendes/Desktop/xpfarm/mumbling2/frontend/src/request/mumbleRequest.js": {"path":"/Users/luismiguelmendes/Desktop/xpfarm/mumbling2/frontend/src/request/mumbleRequest.js","statementMap":{"0":{"start":{"line":3,"column":12},"end":{"line":3,"column":44}},"1":{"start":{"line":6,"column":21},"end":{"line":6,"column":61}},"2":{"start":{"line":7,"column":4},"end":{"line":7,"column":25}}},"fnMap":{"0":{"name":"(anonymous_0)","decl":{"start":{"line":5,"column":15},"end":{"line":5,"column":16}},"loc":{"start":{"line":5,"column":32},"end":{"line":8,"column":1}},"line":5}},"branchMap":{},"s":{"0":2,"1":1,"2":1},"f":{"0":1},"b":{},"_coverageSchema":"43e27e138ebf9cfc5966b082cf9a028302ed4184","hash":"2fc33b36446dd984e40c0dab3e553143e4d87216"}
}
