TN:
SF:/Users/luismiguelmendes/Desktop/xpfarm/mumbling2/frontend/src/App.js
FN:14,App
FN:19,(anonymous_1)
FN:24,(anonymous_2)
FNF:3
FNH:1
FNDA:4,App
FNDA:0,(anonymous_1)
FNDA:0,(anonymous_2)
DA:12,1
DA:15,4
DA:16,4
DA:17,4
DA:19,4
DA:20,0
DA:21,0
DA:24,4
DA:25,0
DA:28,4
LF:10
LH:7
BRDA:42,0,0,0
BRDA:42,0,1,4
BRF:2
BRH:1
end_of_record
TN:
SF:/Users/luismiguelmendes/Desktop/xpfarm/mumbling2/frontend/src/assets/jss/appStyle.js
FNF:0
FNH:0
LF:0
LH:0
BRF:0
BRH:0
end_of_record
TN:
SF:/Users/luismiguelmendes/Desktop/xpfarm/mumbling2/frontend/src/assets/jss/buttonStyle.js
FN:3,(anonymous_0)
FNF:1
FNH:1
FNDA:2,(anonymous_0)
DA:3,2
LF:1
LH:1
BRF:0
BRH:0
end_of_record
TN:
SF:/Users/luismiguelmendes/Desktop/xpfarm/mumbling2/frontend/src/assets/jss/inputStyle.js
FN:3,(anonymous_0)
FNF:1
FNH:1
FNDA:2,(anonymous_0)
DA:3,2
LF:1
LH:1
BRF:0
BRH:0
end_of_record
TN:
SF:/Users/luismiguelmendes/Desktop/xpfarm/mumbling2/frontend/src/components/Button/Button.js
FN:7,(anonymous_0)
FNF:1
FNH:1
FNDA:3,(anonymous_0)
DA:5,2
DA:8,3
DA:10,3
LF:3
LH:3
BRF:0
BRH:0
end_of_record
TN:
SF:/Users/luismiguelmendes/Desktop/xpfarm/mumbling2/frontend/src/components/Input/Input.js
FN:8,(anonymous_0)
FN:20,(anonymous_1)
FNF:2
FNH:1
FNDA:3,(anonymous_0)
FNDA:0,(anonymous_1)
DA:6,2
DA:9,3
DA:11,3
DA:20,0
LF:4
LH:3
BRF:0
BRH:0
end_of_record
TN:
SF:/Users/luismiguelmendes/Desktop/xpfarm/mumbling2/frontend/src/request/mumbleRequest.js
FN:5,(anonymous_0)
FNF:1
FNH:1
FNDA:1,(anonymous_0)
DA:3,2
DA:6,1
DA:7,1
LF:3
LH:3
BRF:0
BRH:0
end_of_record
